<?xml version="1.0" encoding="UTF-8"?>
<!-- Generated by org.testng.reporters.JUnitXMLReporter -->
<testsuite hostname="Jeya-Lenovo" name="SuiteOneCaseOne" tests="2" failures="2" timestamp="5 Nov 2015 11:35:53 GMT" time="48.105" errors="0">
  <testcase name="SuiteOneCaseOneTest" time="28.928" classname="com.stta.SuiteOne.SuiteOneCaseOne">
    <failure type="java.lang.NullPointerException">
      <![CDATA[java.lang.NullPointerException
	at com.stta.SuiteOne.SuiteOneCaseOne.SuiteOneCaseOneTest(SuiteOneCaseOne.java:94)
... Removed 25 stack frames]]>
    </failure>
  </testcase> <!-- SuiteOneCaseOneTest -->
  <testcase name="SuiteOneCaseOneTest" time="18.502" classname="com.stta.SuiteOne.SuiteOneCaseOne">
    <failure type="java.lang.NullPointerException">
      <![CDATA[java.lang.NullPointerException
	at com.stta.SuiteOne.SuiteOneCaseOne.SuiteOneCaseOneTest(SuiteOneCaseOne.java:94)
... Removed 25 stack frames]]>
    </failure>
  </testcase> <!-- SuiteOneCaseOneTest -->
</testsuite> <!-- SuiteOneCaseOne -->
