<?xml version="1.0" encoding="UTF-8"?>
<!-- Generated by org.testng.reporters.JUnitXMLReporter -->
<testsuite hostname="Jeya-Lenovo" name="SuiteTwoCaseOne" tests="1" failures="1" timestamp="5 Nov 2015 11:36:40 GMT" time="0.413" errors="0">
  <testcase name="SuiteTwoCaseOneTest" time="0.016" classname="com.stta.SuiteTwo.SuiteTwoCaseOne">
    <failure type="org.testng.TestNGException" message="
The data provider is trying to pass 7 parameters but the method com.stta.SuiteTwo.SuiteTwoCaseOne#SuiteTwoCaseOneTest takes 6">
      <![CDATA[org.testng.TestNGException: 
The data provider is trying to pass 7 parameters but the method com.stta.SuiteTwo.SuiteTwoCaseOne#SuiteTwoCaseOneTest takes 6
... Removed 19 stack frames]]>
    </failure>
  </testcase> <!-- SuiteTwoCaseOneTest -->
</testsuite> <!-- SuiteTwoCaseOne -->
