<?xml version="1.0" encoding="UTF-8"?>
<!-- Generated by org.testng.reporters.JUnitXMLReporter -->
<testsuite hostname="Jeya-Lenovo" name="Default test" tests="6" failures="0" timestamp="8 Nov 2015 15:08:41 GMT" time="125.82" errors="0">
  <testcase name="SAmlpLogin" time="26.161" classname="com.stta.SuiteTwo.SAmlpLogin"/>
  <testcase name="SAmlpLogin" time="21.414" classname="com.stta.SuiteTwo.SAmlpLogin"/>
  <testcase name="SAmlpLogin" time="35.567" classname="com.stta.SuiteTwo.SAmlpLogin"/>
  <testcase name="SAmlpLogin" time="21.014" classname="com.stta.SuiteTwo.SAmlpLogin"/>
  <testcase name="SAmlpLogin" time="21.262" classname="com.stta.SuiteTwo.SAmlpLogin"/>
  <testcase name="SAmlpLogin" time="0.002" classname="com.stta.SuiteTwo.SAmlpLogin">
    <skipped/>
  </testcase> <!-- SAmlpLogin -->
</testsuite> <!-- Default test -->
