<?xml version="1.0" encoding="UTF-8"?>
<testng-results skipped="1" failed="0" total="6" passed="5">
  <reporter-output>
  </reporter-output>
  <suite name="Default suite" duration-ms="125820" started-at="2015-11-08T15:06:35Z" finished-at="2015-11-08T15:08:41Z">
    <groups>
    </groups>
    <test name="Default test" duration-ms="125820" started-at="2015-11-08T15:06:35Z" finished-at="2015-11-08T15:08:41Z">
      <class name="com.stta.SuiteTwo.SAmlpLogin">
        <test-method status="PASS" signature="checkSuiteToRun()[pri:0, instance:com.stta.SuiteTwo.SAmlpLogin@3b2c72c2]" name="checkSuiteToRun" is-config="true" duration-ms="766" started-at="2015-11-08T15:06:34Z" finished-at="2015-11-08T15:06:35Z">
          <reporter-output>
          </reporter-output>
        </test-method> <!-- checkSuiteToRun -->
        <test-method status="PASS" signature="checkCaseToRun()[pri:0, instance:com.stta.SuiteTwo.SAmlpLogin@3b2c72c2]" name="checkCaseToRun" is-config="true" duration-ms="92" started-at="2015-11-08T15:06:35Z" finished-at="2015-11-08T15:06:35Z">
          <reporter-output>
          </reporter-output>
        </test-method> <!-- checkCaseToRun -->
        <test-method status="PASS" signature="SAmlpLogin(java.lang.String, java.lang.String, java.lang.String, java.lang.String, java.lang.String, java.lang.String, java.lang.String)[pri:0, instance:com.stta.SuiteTwo.SAmlpLogin@3b2c72c2]" name="SAmlpLogin" duration-ms="26161" started-at="2015-11-08T15:06:35Z" data-provider="SAmlpLogin" finished-at="2015-11-08T15:07:01Z">
          <params>
            <param index="0">
              <value>
                <![CDATA[valencia61]]>
              </value>
            </param>
            <param index="1">
              <value>
                <![CDATA[28204]]>
              </value>
            </param>
            <param index="2">
              <value>
                <![CDATA[valencia61]]>
              </value>
            </param>
            <param index="3">
              <value>
                <![CDATA[]]>
              </value>
            </param>
            <param index="4">
              <value>
                <![CDATA[valencia61@fakemail.com]]>
              </value>
            </param>
            <param index="5">
              <value>
                <![CDATA[Your email address]]>
              </value>
            </param>
            <param index="6">
              <value>
                <![CDATA[]]>
              </value>
            </param>
          </params>
          <reporter-output>
          </reporter-output>
        </test-method> <!-- SAmlpLogin -->
        <test-method status="PASS" signature="reporterDataResults()[pri:0, instance:com.stta.SuiteTwo.SAmlpLogin@3b2c72c2]" name="reporterDataResults" is-config="true" duration-ms="47" started-at="2015-11-08T15:07:01Z" finished-at="2015-11-08T15:07:02Z">
          <reporter-output>
          </reporter-output>
        </test-method> <!-- reporterDataResults -->
        <test-method status="PASS" signature="SAmlpLogin(java.lang.String, java.lang.String, java.lang.String, java.lang.String, java.lang.String, java.lang.String, java.lang.String)[pri:0, instance:com.stta.SuiteTwo.SAmlpLogin@3b2c72c2]" name="SAmlpLogin" duration-ms="21414" started-at="2015-11-08T15:07:02Z" data-provider="SAmlpLogin" finished-at="2015-11-08T15:07:23Z">
          <params>
            <param index="0">
              <value>
                <![CDATA[snipmaco61]]>
              </value>
            </param>
            <param index="1">
              <value>
                <![CDATA[41623]]>
              </value>
            </param>
            <param index="2">
              <value>
                <![CDATA[snipmaco61]]>
              </value>
            </param>
            <param index="3">
              <value>
                <![CDATA[Psnipmaco61@fakemail.com]]>
              </value>
            </param>
            <param index="4">
              <value>
                <![CDATA[]]>
              </value>
            </param>
            <param index="5">
              <value>
                <![CDATA[Your parent's email address]]>
              </value>
            </param>
            <param index="6">
              <value>
                <![CDATA[]]>
              </value>
            </param>
          </params>
          <reporter-output>
          </reporter-output>
        </test-method> <!-- SAmlpLogin -->
        <test-method status="PASS" signature="reporterDataResults()[pri:0, instance:com.stta.SuiteTwo.SAmlpLogin@3b2c72c2]" name="reporterDataResults" is-config="true" duration-ms="30" started-at="2015-11-08T15:07:23Z" finished-at="2015-11-08T15:07:23Z">
          <reporter-output>
          </reporter-output>
        </test-method> <!-- reporterDataResults -->
        <test-method status="PASS" signature="SAmlpLogin(java.lang.String, java.lang.String, java.lang.String, java.lang.String, java.lang.String, java.lang.String, java.lang.String)[pri:0, instance:com.stta.SuiteTwo.SAmlpLogin@3b2c72c2]" name="SAmlpLogin" duration-ms="35567" started-at="2015-11-08T15:07:23Z" data-provider="SAmlpLogin" finished-at="2015-11-08T15:07:59Z">
          <params>
            <param index="0">
              <value>
                <![CDATA[valencia61]]>
              </value>
            </param>
            <param index="1">
              <value>
                <![CDATA[28204]]>
              </value>
            </param>
            <param index="2">
              <value>
                <![CDATA[valencia61]]>
              </value>
            </param>
            <param index="3">
              <value>
                <![CDATA[]]>
              </value>
            </param>
            <param index="4">
              <value>
                <![CDATA[valencia61@fakemail.com]]>
              </value>
            </param>
            <param index="5">
              <value>
                <![CDATA[Your email address]]>
              </value>
            </param>
            <param index="6">
              <value>
                <![CDATA[]]>
              </value>
            </param>
          </params>
          <reporter-output>
          </reporter-output>
        </test-method> <!-- SAmlpLogin -->
        <test-method status="PASS" signature="reporterDataResults()[pri:0, instance:com.stta.SuiteTwo.SAmlpLogin@3b2c72c2]" name="reporterDataResults" is-config="true" duration-ms="27" started-at="2015-11-08T15:07:59Z" finished-at="2015-11-08T15:07:59Z">
          <reporter-output>
          </reporter-output>
        </test-method> <!-- reporterDataResults -->
        <test-method status="PASS" signature="SAmlpLogin(java.lang.String, java.lang.String, java.lang.String, java.lang.String, java.lang.String, java.lang.String, java.lang.String)[pri:0, instance:com.stta.SuiteTwo.SAmlpLogin@3b2c72c2]" name="SAmlpLogin" duration-ms="21014" started-at="2015-11-08T15:07:59Z" data-provider="SAmlpLogin" finished-at="2015-11-08T15:08:20Z">
          <params>
            <param index="0">
              <value>
                <![CDATA[routmito61]]>
              </value>
            </param>
            <param index="1">
              <value>
                <![CDATA[37568]]>
              </value>
            </param>
            <param index="2">
              <value>
                <![CDATA[routmito61]]>
              </value>
            </param>
            <param index="3">
              <value>
                <![CDATA[]]>
              </value>
            </param>
            <param index="4">
              <value>
                <![CDATA[routmito61@fakemail.com]]>
              </value>
            </param>
            <param index="5">
              <value>
                <![CDATA[Your email address]]>
              </value>
            </param>
            <param index="6">
              <value>
                <![CDATA[]]>
              </value>
            </param>
          </params>
          <reporter-output>
          </reporter-output>
        </test-method> <!-- SAmlpLogin -->
        <test-method status="PASS" signature="reporterDataResults()[pri:0, instance:com.stta.SuiteTwo.SAmlpLogin@3b2c72c2]" name="reporterDataResults" is-config="true" duration-ms="40" started-at="2015-11-08T15:08:20Z" finished-at="2015-11-08T15:08:20Z">
          <reporter-output>
          </reporter-output>
        </test-method> <!-- reporterDataResults -->
        <test-method status="PASS" signature="SAmlpLogin(java.lang.String, java.lang.String, java.lang.String, java.lang.String, java.lang.String, java.lang.String, java.lang.String)[pri:0, instance:com.stta.SuiteTwo.SAmlpLogin@3b2c72c2]" name="SAmlpLogin" duration-ms="21262" started-at="2015-11-08T15:08:20Z" data-provider="SAmlpLogin" finished-at="2015-11-08T15:08:41Z">
          <params>
            <param index="0">
              <value>
                <![CDATA[minttime61]]>
              </value>
            </param>
            <param index="1">
              <value>
                <![CDATA[37569]]>
              </value>
            </param>
            <param index="2">
              <value>
                <![CDATA[minttime61]]>
              </value>
            </param>
            <param index="3">
              <value>
                <![CDATA[Pminttime61@fakemail.com]]>
              </value>
            </param>
            <param index="4">
              <value>
                <![CDATA[]]>
              </value>
            </param>
            <param index="5">
              <value>
                <![CDATA[Your parent's email address]]>
              </value>
            </param>
            <param index="6">
              <value>
                <![CDATA[]]>
              </value>
            </param>
          </params>
          <reporter-output>
          </reporter-output>
        </test-method> <!-- SAmlpLogin -->
        <test-method status="PASS" signature="reporterDataResults()[pri:0, instance:com.stta.SuiteTwo.SAmlpLogin@3b2c72c2]" name="reporterDataResults" is-config="true" duration-ms="56" started-at="2015-11-08T15:08:41Z" finished-at="2015-11-08T15:08:41Z">
          <reporter-output>
          </reporter-output>
        </test-method> <!-- reporterDataResults -->
        <test-method status="SKIP" signature="SAmlpLogin(java.lang.String, java.lang.String, java.lang.String, java.lang.String, java.lang.String, java.lang.String, java.lang.String)[pri:0, instance:com.stta.SuiteTwo.SAmlpLogin@3b2c72c2]" name="SAmlpLogin" duration-ms="2" started-at="2015-11-08T15:08:41Z" data-provider="SAmlpLogin" finished-at="2015-11-08T15:08:41Z">
          <params>
            <param index="0">
              <value>
                <![CDATA[]]>
              </value>
            </param>
            <param index="1">
              <value>
                <![CDATA[37570]]>
              </value>
            </param>
            <param index="2">
              <value>
                <![CDATA[]]>
              </value>
            </param>
            <param index="3">
              <value>
                <![CDATA[]]>
              </value>
            </param>
            <param index="4">
              <value>
                <![CDATA[]]>
              </value>
            </param>
            <param index="5">
              <value>
                <![CDATA[]]>
              </value>
            </param>
            <param index="6">
              <value>
                <![CDATA[]]>
              </value>
            </param>
          </params>
          <exception class="org.testng.SkipException">
            <message>
              <![CDATA[DataToRun for row number 5 Is No Or Blank. So Skipping Its Execution.]]>
            </message>
            <full-stacktrace>
              <![CDATA[org.testng.SkipException: DataToRun for row number 5 Is No Or Blank. So Skipping Its Execution.
	at com.stta.SuiteTwo.SAmlpLogin.SAmlpLogin(SAmlpLogin.java:95)
	at sun.reflect.NativeMethodAccessorImpl.invoke0(Native Method)
	at sun.reflect.NativeMethodAccessorImpl.invoke(Unknown Source)
	at sun.reflect.DelegatingMethodAccessorImpl.invoke(Unknown Source)
	at java.lang.reflect.Method.invoke(Unknown Source)
	at org.testng.internal.MethodInvocationHelper.invokeMethod(MethodInvocationHelper.java:84)
	at org.testng.internal.Invoker.invokeMethod(Invoker.java:714)
	at org.testng.internal.Invoker.invokeTestMethod(Invoker.java:901)
	at org.testng.internal.Invoker.invokeTestMethods(Invoker.java:1231)
	at org.testng.internal.TestMethodWorker.invokeTestMethods(TestMethodWorker.java:127)
	at org.testng.internal.TestMethodWorker.run(TestMethodWorker.java:111)
	at org.testng.TestRunner.privateRun(TestRunner.java:767)
	at org.testng.TestRunner.run(TestRunner.java:617)
	at org.testng.SuiteRunner.runTest(SuiteRunner.java:334)
	at org.testng.SuiteRunner.runSequentially(SuiteRunner.java:329)
	at org.testng.SuiteRunner.privateRun(SuiteRunner.java:291)
	at org.testng.SuiteRunner.run(SuiteRunner.java:240)
	at org.testng.SuiteRunnerWorker.runSuite(SuiteRunnerWorker.java:52)
	at org.testng.SuiteRunnerWorker.run(SuiteRunnerWorker.java:86)
	at org.testng.TestNG.runSuitesSequentially(TestNG.java:1224)
	at org.testng.TestNG.runSuitesLocally(TestNG.java:1149)
	at org.testng.TestNG.run(TestNG.java:1057)
	at org.testng.remote.RemoteTestNG.run(RemoteTestNG.java:111)
	at org.testng.remote.RemoteTestNG.initAndRun(RemoteTestNG.java:204)
	at org.testng.remote.RemoteTestNG.main(RemoteTestNG.java:175)
]]>
            </full-stacktrace>
          </exception> <!-- org.testng.SkipException -->
          <reporter-output>
          </reporter-output>
        </test-method> <!-- SAmlpLogin -->
        <test-method status="PASS" signature="reporterDataResults()[pri:0, instance:com.stta.SuiteTwo.SAmlpLogin@3b2c72c2]" name="reporterDataResults" is-config="true" duration-ms="19" started-at="2015-11-08T15:08:41Z" finished-at="2015-11-08T15:08:41Z">
          <reporter-output>
          </reporter-output>
        </test-method> <!-- reporterDataResults -->
        <test-method status="PASS" signature="closeBrowser()[pri:0, instance:com.stta.SuiteTwo.SAmlpLogin@3b2c72c2]" name="closeBrowser" is-config="true" duration-ms="39" started-at="2015-11-08T15:08:41Z" finished-at="2015-11-08T15:08:41Z">
          <reporter-output>
          </reporter-output>
        </test-method> <!-- closeBrowser -->
      </class> <!-- com.stta.SuiteTwo.SAmlpLogin -->
    </test> <!-- Default test -->
  </suite> <!-- Default suite -->
</testng-results>
