<?xml version="1.0" encoding="UTF-8"?>
<testng-results skipped="1" failed="0" total="2" passed="1">
  <reporter-output>
  </reporter-output>
  <suite name="Default suite" duration-ms="18852" started-at="2015-11-05T22:49:17Z" finished-at="2015-11-05T22:49:35Z">
    <groups>
    </groups>
    <test name="Default test" duration-ms="18852" started-at="2015-11-05T22:49:17Z" finished-at="2015-11-05T22:49:35Z">
      <class name="com.stta.SuiteTwo.SuiteTwoCaseOne">
        <test-method status="PASS" signature="checkSuiteToRun()[pri:0, instance:com.stta.SuiteTwo.SuiteTwoCaseOne@3b2c72c2]" name="checkSuiteToRun" is-config="true" duration-ms="463" started-at="2015-11-05T22:49:16Z" finished-at="2015-11-05T22:49:17Z">
          <reporter-output>
          </reporter-output>
        </test-method> <!-- checkSuiteToRun -->
        <test-method status="PASS" signature="checkCaseToRun()[pri:0, instance:com.stta.SuiteTwo.SuiteTwoCaseOne@3b2c72c2]" name="checkCaseToRun" is-config="true" duration-ms="31" started-at="2015-11-05T22:49:17Z" finished-at="2015-11-05T22:49:17Z">
          <reporter-output>
          </reporter-output>
        </test-method> <!-- checkCaseToRun -->
        <test-method status="PASS" signature="SuiteTwoCaseOneTest(java.lang.String, java.lang.String, java.lang.String, java.lang.String, java.lang.String, java.lang.String, java.lang.String)[pri:0, instance:com.stta.SuiteTwo.SuiteTwoCaseOne@3b2c72c2]" name="SuiteTwoCaseOneTest" duration-ms="18724" started-at="2015-11-05T22:49:17Z" data-provider="SuiteTwoCaseOneData" finished-at="2015-11-05T22:49:35Z">
          <params>
            <param index="0">
              <value>
                <![CDATA[Jeffrey]]>
              </value>
            </param>
            <param index="1">
              <value>
                <![CDATA[28856]]>
              </value>
            </param>
            <param index="2">
              <value>
                <![CDATA[Jeffpassword ]]>
              </value>
            </param>
            <param index="3">
              <value>
                <![CDATA[danielte@gmail.com]]>
              </value>
            </param>
            <param index="4">
              <value>
                <![CDATA[]]>
              </value>
            </param>
            <param index="5">
              <value>
                <![CDATA[Your parent's email address]]>
              </value>
            </param>
            <param index="6">
              <value>
                <![CDATA[Your parent's email address]]>
              </value>
            </param>
          </params>
          <reporter-output>
          </reporter-output>
        </test-method> <!-- SuiteTwoCaseOneTest -->
        <test-method status="PASS" signature="reporterDataResults()[pri:0, instance:com.stta.SuiteTwo.SuiteTwoCaseOne@3b2c72c2]" name="reporterDataResults" is-config="true" duration-ms="1" started-at="2015-11-05T22:49:35Z" finished-at="2015-11-05T22:49:35Z">
          <reporter-output>
          </reporter-output>
        </test-method> <!-- reporterDataResults -->
        <test-method status="SKIP" signature="SuiteTwoCaseOneTest(java.lang.String, java.lang.String, java.lang.String, java.lang.String, java.lang.String, java.lang.String, java.lang.String)[pri:0, instance:com.stta.SuiteTwo.SuiteTwoCaseOne@3b2c72c2]" name="SuiteTwoCaseOneTest" duration-ms="3" started-at="2015-11-05T22:49:35Z" data-provider="SuiteTwoCaseOneData" finished-at="2015-11-05T22:49:35Z">
          <params>
            <param index="0">
              <value>
                <![CDATA[Jey]]>
              </value>
            </param>
            <param index="1">
              <value>
                <![CDATA[38385]]>
              </value>
            </param>
            <param index="2">
              <value>
                <![CDATA[Jeypassword]]>
              </value>
            </param>
            <param index="3">
              <value>
                <![CDATA[]]>
              </value>
            </param>
            <param index="4">
              <value>
                <![CDATA[jeyabalageorge@gmail.com]]>
              </value>
            </param>
            <param index="5">
              <value>
                <![CDATA[Your email address]]>
              </value>
            </param>
            <param index="6">
              <value>
                <![CDATA[Your email address]]>
              </value>
            </param>
          </params>
          <exception class="org.testng.SkipException">
            <message>
              <![CDATA[DataToRun for row number 1 Is No Or Blank. So Skipping Its Execution.]]>
            </message>
            <full-stacktrace>
              <![CDATA[org.testng.SkipException: DataToRun for row number 1 Is No Or Blank. So Skipping Its Execution.
	at com.stta.SuiteTwo.SuiteTwoCaseOne.SuiteTwoCaseOneTest(SuiteTwoCaseOne.java:102)
	at sun.reflect.NativeMethodAccessorImpl.invoke0(Native Method)
	at sun.reflect.NativeMethodAccessorImpl.invoke(Unknown Source)
	at sun.reflect.DelegatingMethodAccessorImpl.invoke(Unknown Source)
	at java.lang.reflect.Method.invoke(Unknown Source)
	at org.testng.internal.MethodInvocationHelper.invokeMethod(MethodInvocationHelper.java:84)
	at org.testng.internal.Invoker.invokeMethod(Invoker.java:714)
	at org.testng.internal.Invoker.invokeTestMethod(Invoker.java:901)
	at org.testng.internal.Invoker.invokeTestMethods(Invoker.java:1231)
	at org.testng.internal.TestMethodWorker.invokeTestMethods(TestMethodWorker.java:127)
	at org.testng.internal.TestMethodWorker.run(TestMethodWorker.java:111)
	at org.testng.TestRunner.privateRun(TestRunner.java:767)
	at org.testng.TestRunner.run(TestRunner.java:617)
	at org.testng.SuiteRunner.runTest(SuiteRunner.java:334)
	at org.testng.SuiteRunner.runSequentially(SuiteRunner.java:329)
	at org.testng.SuiteRunner.privateRun(SuiteRunner.java:291)
	at org.testng.SuiteRunner.run(SuiteRunner.java:240)
	at org.testng.SuiteRunnerWorker.runSuite(SuiteRunnerWorker.java:52)
	at org.testng.SuiteRunnerWorker.run(SuiteRunnerWorker.java:86)
	at org.testng.TestNG.runSuitesSequentially(TestNG.java:1224)
	at org.testng.TestNG.runSuitesLocally(TestNG.java:1149)
	at org.testng.TestNG.run(TestNG.java:1057)
	at org.testng.remote.RemoteTestNG.run(RemoteTestNG.java:111)
	at org.testng.remote.RemoteTestNG.initAndRun(RemoteTestNG.java:204)
	at org.testng.remote.RemoteTestNG.main(RemoteTestNG.java:175)
]]>
            </full-stacktrace>
          </exception> <!-- org.testng.SkipException -->
          <reporter-output>
          </reporter-output>
        </test-method> <!-- SuiteTwoCaseOneTest -->
        <test-method status="PASS" signature="reporterDataResults()[pri:0, instance:com.stta.SuiteTwo.SuiteTwoCaseOne@3b2c72c2]" name="reporterDataResults" is-config="true" duration-ms="1" started-at="2015-11-05T22:49:35Z" finished-at="2015-11-05T22:49:35Z">
          <reporter-output>
          </reporter-output>
        </test-method> <!-- reporterDataResults -->
        <test-method status="PASS" signature="closeBrowser()[pri:0, instance:com.stta.SuiteTwo.SuiteTwoCaseOne@3b2c72c2]" name="closeBrowser" is-config="true" duration-ms="37" started-at="2015-11-05T22:49:35Z" finished-at="2015-11-05T22:49:35Z">
          <reporter-output>
          </reporter-output>
        </test-method> <!-- closeBrowser -->
      </class> <!-- com.stta.SuiteTwo.SuiteTwoCaseOne -->
    </test> <!-- Default test -->
  </suite> <!-- Default suite -->
</testng-results>
